<?xml version="1.0" encoding="UTF-8"?>
<!-- Generated by org.testng.reporters.JUnitXMLReporter -->
<testsuite hostname="CDC5-156084239-P.local" name="Test" tests="1" failures="0" timestamp="1 Jul 2016 06:21:01 GMT" time="2.612" errors="0">
  <testcase name="@BeforeMethod startDriver" time="0.0" classname="com.test.webdriver.WebDriverTest">
    <failure type="java.lang.RuntimeException" message="java.lang.StringIndexOutOfBoundsException: String index out of range: -1">
      <![CDATA[java.lang.RuntimeException: java.lang.StringIndexOutOfBoundsException: String index out of range: -1
	at io.github.bonigarcia.wdm.BrowserManager.manage(BrowserManager.java:272)
	at io.github.bonigarcia.wdm.BrowserManager.setup(BrowserManager.java:103)
	at io.github.bonigarcia.wdm.BrowserManager.setup(BrowserManager.java:82)
	at com.test.testng.FramworkConfig.startDriver(FramworkConfig.java:86)
Caused by: java.lang.StringIndexOutOfBoundsException: String index out of range: -1
	at java.lang.String.substring(String.java:1955)
	at io.github.bonigarcia.wdm.BrowserManager.getLatest(BrowserManager.java:369)
	at io.github.bonigarcia.wdm.BrowserManager.manage(BrowserManager.java:219)
	... 29 more
... Removed 26 stack frames]]>
    </failure>
  </testcase> <!-- @BeforeMethod startDriver -->
  <testcase name="@AfterMethod stopDriver" time="0.0" classname="com.test.webdriver.WebDriverTest">
    <failure type="java.lang.NullPointerException">
      <![CDATA[java.lang.NullPointerException
	at com.test.testng.FramworkConfig.stopDriver(FramworkConfig.java:124)
... Removed 26 stack frames]]>
    </failure>
  </testcase> <!-- @AfterMethod stopDriver -->
  <testcase name="runTest" time="0.002" classname="com.test.webdriver.WebDriverTest">
    <skipped/>
  </testcase> <!-- runTest -->
</testsuite> <!-- Test -->
